Determining if the pthread_create exist failed with the following output:
Change Dir: /home/dekent/ROS/halloween/src/candy_manipulation/cmake-build-debug/CMakeFiles/CMakeTmp

Run Build Command:"/usr/bin/make" "cmTC_265f6/fast"
/usr/bin/make -f CMakeFiles/cmTC_265f6.dir/build.make CMakeFiles/cmTC_265f6.dir/build
make[1]: Entering directory '/home/dekent/ROS/halloween/src/candy_manipulation/cmake-build-debug/CMakeFiles/CMakeTmp'
Building C object CMakeFiles/cmTC_265f6.dir/CheckSymbolExists.c.o
/usr/bin/cc    -o CMakeFiles/cmTC_265f6.dir/CheckSymbolExists.c.o   -c /home/dekent/ROS/halloween/src/candy_manipulation/cmake-build-debug/CMakeFiles/CMakeTmp/CheckSymbolExists.c
Linking C executable cmTC_265f6
/opt/clion/bin/cmake/linux/bin/cmake -E cmake_link_script CMakeFiles/cmTC_265f6.dir/link.txt --verbose=1
/usr/bin/cc      -rdynamic CMakeFiles/cmTC_265f6.dir/CheckSymbolExists.c.o  -o cmTC_265f6 
CMakeFiles/cmTC_265f6.dir/CheckSymbolExists.c.o: In function `main':
CheckSymbolExists.c:(.text+0x16): undefined reference to `pthread_create'
collect2: error: ld returned 1 exit status
CMakeFiles/cmTC_265f6.dir/build.make:86: recipe for target 'cmTC_265f6' failed
make[1]: *** [cmTC_265f6] Error 1
make[1]: Leaving directory '/home/dekent/ROS/halloween/src/candy_manipulation/cmake-build-debug/CMakeFiles/CMakeTmp'
Makefile:121: recipe for target 'cmTC_265f6/fast' failed
make: *** [cmTC_265f6/fast] Error 2

File /home/dekent/ROS/halloween/src/candy_manipulation/cmake-build-debug/CMakeFiles/CMakeTmp/CheckSymbolExists.c:
/* */
#include <pthread.h>

int main(int argc, char** argv)
{
  (void)argv;
#ifndef pthread_create
  return ((int*)(&pthread_create))[argc];
#else
  (void)argc;
  return 0;
#endif
}

Determining if the function pthread_create exists in the pthreads failed with the following output:
Change Dir: /home/dekent/ROS/halloween/src/candy_manipulation/cmake-build-debug/CMakeFiles/CMakeTmp

Run Build Command:"/usr/bin/make" "cmTC_f987c/fast"
/usr/bin/make -f CMakeFiles/cmTC_f987c.dir/build.make CMakeFiles/cmTC_f987c.dir/build
make[1]: Entering directory '/home/dekent/ROS/halloween/src/candy_manipulation/cmake-build-debug/CMakeFiles/CMakeTmp'
Building C object CMakeFiles/cmTC_f987c.dir/CheckFunctionExists.c.o
/usr/bin/cc   -DCHECK_FUNCTION_EXISTS=pthread_create   -o CMakeFiles/cmTC_f987c.dir/CheckFunctionExists.c.o   -c /opt/clion/bin/cmake/linux/share/cmake-3.12/Modules/CheckFunctionExists.c
Linking C executable cmTC_f987c
/opt/clion/bin/cmake/linux/bin/cmake -E cmake_link_script CMakeFiles/cmTC_f987c.dir/link.txt --verbose=1
/usr/bin/cc  -DCHECK_FUNCTION_EXISTS=pthread_create    -rdynamic CMakeFiles/cmTC_f987c.dir/CheckFunctionExists.c.o  -o cmTC_f987c -lpthreads 
/usr/bin/ld: cannot find -lpthreads
collect2: error: ld returned 1 exit status
CMakeFiles/cmTC_f987c.dir/build.make:86: recipe for target 'cmTC_f987c' failed
make[1]: *** [cmTC_f987c] Error 1
make[1]: Leaving directory '/home/dekent/ROS/halloween/src/candy_manipulation/cmake-build-debug/CMakeFiles/CMakeTmp'
Makefile:121: recipe for target 'cmTC_f987c/fast' failed
make: *** [cmTC_f987c/fast] Error 2


